Arguments: 
  C:\Program Files\nodejs\node.exe C:\Users\Lucas Kaminski\AppData\Roaming\npm\node_modules\yarn\bin\yarn.js add @chakra-ui/react @chakra-ui/core @motion/react @motion/styled framer-motion

PATH: 
  C:\Program Files\Git\mingw64\bin;C:\Program Files\Git\usr\bin;C:\Users\Lucas Kaminski\bin;C:\Program Files (x86)\Common Files\Oracle\Java\javapath;C:\Windows\system32;C:\Windows;C:\Windows\System32\Wbem;C:\Windows\System32\WindowsPowerShell\v1.0;C:\Windows\System32\OpenSSH;C:\Program Files\Git\cmd;C:\Program Files\nodejs;C:\Users\Lucas Kaminski\AppData\Local\Programs\Python\Python39\Scripts;C:\Users\Lucas Kaminski\AppData\Local\Programs\Python\Python39;C:\Users\Lucas Kaminski\AppData\Local\Microsoft\WindowsApps;C:\Users\Lucas Kaminski\AppData\Local\Programs\Microsoft VS Code\bin;C:\Users\Lucas Kaminski\AppData\Roaming\npm

Yarn version: 
  1.22.10

Node version: 
  14.16.1

Platform: 
  win32 x64

Trace: 
  Error: https://registry.yarnpkg.com/@motion%2freact: Not found
      at Request.params.callback [as _callback] (C:\Users\Lucas Kaminski\AppData\Roaming\npm\node_modules\yarn\lib\cli.js:66988:18)
      at Request.self.callback (C:\Users\Lucas Kaminski\AppData\Roaming\npm\node_modules\yarn\lib\cli.js:140662:22)
      at Request.emit (events.js:315:20)
      at Request.<anonymous> (C:\Users\Lucas Kaminski\AppData\Roaming\npm\node_modules\yarn\lib\cli.js:141634:10)
      at Request.emit (events.js:315:20)
      at IncomingMessage.<anonymous> (C:\Users\Lucas Kaminski\AppData\Roaming\npm\node_modules\yarn\lib\cli.js:141556:12)
      at Object.onceWrapper (events.js:421:28)
      at IncomingMessage.emit (events.js:327:22)
      at endReadableNT (internal/streams/readable.js:1327:12)
      at processTicksAndRejections (internal/process/task_queues.js:80:21)

npm manifest: 
  No manifest

yarn manifest: 
  No manifest

Lockfile: 
  No lockfile
