0 info it worked if it ends with ok
1 verbose cli [
1 verbose cli   'C:\\Program Files\\nodejs\\node.exe',
1 verbose cli   'C:\\Program Files\\nodejs\\node_modules\\npm\\bin\\npm-cli.js',
1 verbose cli   'install',
1 verbose cli   'node-saas'
1 verbose cli ]
2 info using npm@6.14.12
3 info using node@v14.16.1
4 verbose npm-session 17b86355c03f6be0
5 silly install loadCurrentTree
6 silly install readLocalPackageData
7 http fetch GET 404 https://registry.npmjs.org/node-saas 942ms
8 http fetch GET 404 https://registry.npmjs.org/node-saas 923ms
9 silly fetchPackageMetaData error for node-saas@latest 404 Not Found - GET https://registry.npmjs.org/node-saas - Not found
10 timing stage:rollbackFailedOptional Completed in 0ms
11 timing stage:runTopLevelLifecycles Completed in 2379ms
12 verbose stack Error: 404 Not Found - GET https://registry.npmjs.org/node-saas - Not found
12 verbose stack     at C:\Program Files\nodejs\node_modules\npm\node_modules\npm-registry-fetch\check-response.js:117:15
12 verbose stack     at processTicksAndRejections (internal/process/task_queues.js:93:5)
13 verbose statusCode 404
14 verbose pkgid node-saas@latest
15 verbose cwd C:\Repositorios\JavaScript\podcastr_next
16 verbose Windows_NT 10.0.19042
17 verbose argv "C:\\Program Files\\nodejs\\node.exe" "C:\\Program Files\\nodejs\\node_modules\\npm\\bin\\npm-cli.js" "install" "node-saas"
18 verbose node v14.16.1
19 verbose npm  v6.14.12
20 error code E404
21 error 404 Not Found - GET https://registry.npmjs.org/node-saas - Not found
22 error 404
23 error 404 'node-saas@latest' is not in the npm registry.
24 error 404 You should bug the author to publish it (or use the name yourself!)
25 error 404 Note that you can also install from a
26 error 404 tarball, folder, http url, or git url.
27 verbose exit [ 1, true ]
